mode: set
functional/prey/tuna.go:8.40,10.2 1 1
functional/prey/tuna.go:12.35,14.2 1 1
functional/prey/tuna.go:16.24,18.2 1 1
functional/shark/white_shark.go:12.13,14.2 1 1
functional/shark/white_shark.go:25.68,28.2 2 1
functional/shark/white_shark.go:30.60,32.9 2 1
functional/shark/white_shark.go:32.9,34.3 1 1
functional/shark/white_shark.go:35.2,35.37 1 1
functional/shark/white_shark.go:38.65,42.2 1 1
functional/simulator/simulator.go:18.101,23.2 4 1
functional/simulator/simulator.go:25.73,32.2 6 1
functional/simulator/simulator.go:34.63,38.2 1 1
